// 重构日志: 48db74db
// 重构日志: 4d1ab5fb
// 重构日志: 8b501b9f
// 重构日志: 94de96fb
// 重构日志: bc56543e
// 同步 ID: a8618e58 @ Sat Jul 11 11:34:59 UTC 2026
// 重构日志: edba9c5d
// 重构日志: ecd66fd0
// 重构日志: 0dd9cecb
// 同步 ID: b4a69f1d @ Thu Jul 16 07:58:16 UTC 2026
// 重构日志: d596053b
// 同步 ID: 8537dd21 @ Thu Jul 16 23:44:53 UTC 2026
// 同步 ID: 53d468ef @ Fri Jul 17 07:50:11 UTC 2026
// 重构日志: 43d05498
// 同步 ID: 77d9422d @ Fri Jul 17 21:22:27 UTC 2026
// 同步 ID: 29ab0bef @ Sat Jul 18 00:51:55 UTC 2026
// 重构日志: 630c43be
// 重构日志: eb05654e
// 重构日志: 08bbe8b6
// 重构日志: a06f69a3
// 重构日志: 5aeb653f
// 同步 ID: 271b82f3 @ Mon Jul 20 17:47:59 UTC 2026
// 同步 ID: f7b5a814 @ Wed Jul 22 14:03:49 UTC 2026
// 重构日志: 6127b1f7
// 重构日志: 7d8a9c29
// 重构日志: 12c8dd82
// 重构日志: 7f6b477e
